<?xml version="1.0" encoding="UTF-8"?>
<!-- Generated by org.testng.reporters.JUnitReportReporter -->
<testsuite hostname="RPC01" name="com.objectfrontier.training.primeno.PrimeTest" tests="1" failures="0" timestamp="25 Apr 2016 10:06:04 GMT" time="0.015" errors="0">
  <testcase name="testPrime" time="0.015" classname="com.objectfrontier.training.primeno.PrimeTest"/>
</testsuite> <!-- com.objectfrontier.training.primeno.PrimeTest -->
