<?xml version="1.0" encoding="UTF-8"?>
<!-- Generated by org.testng.reporters.JUnitReportReporter -->
<testsuite hostname="RPC01" name="com.objectfrontier.training.math.AppTest" tests="1" failures="0" timestamp="27 Apr 2016 11:33:26 GMT" time="0.000" errors="0">
  <testcase name="testApp" time="0.000" classname="com.objectfrontier.training.math.AppTest"/>
</testsuite> <!-- com.objectfrontier.training.math.AppTest -->
