<?xml version="1.0" encoding="UTF-8"?>
<testsuite name="org.Encapsulation.AppTest" tests="1" skipped="0" failures="0" errors="0" timestamp="2016-05-02T12:00:59" hostname="RPC01" time="0.0">
  <properties/>
  <testcase name="testApp" classname="org.Encapsulation.AppTest" time="0.0"/>
  <system-out><![CDATA[]]></system-out>
  <system-err><![CDATA[]]></system-err>
</testsuite>
