<?xml version="1.0" encoding="UTF-8"?>
<testsuite name="com.objectfrontier.training.primeno.PrimeTest" tests="1" skipped="0" failures="0" errors="0" timestamp="2016-05-02T12:00:58" hostname="RPC01" time="0.015">
  <properties/>
  <testcase name="testPrime[0](2)" classname="com.objectfrontier.training.primeno.PrimeTest" time="0.015"/>
  <system-out><![CDATA[]]></system-out>
  <system-err><![CDATA[]]></system-err>
</testsuite>
