<?xml version="1.0" encoding="UTF-8"?>
<!-- Generated by org.testng.reporters.JUnitReportReporter -->
<testsuite hostname="RPC01" name="com.objectfrontier.training.factorial.FactorialTest" tests="1" failures="0" timestamp="25 Apr 2016 07:35:41 GMT" time="0.000" errors="0">
  <testcase name="testFactorialValue" time="0.000" classname="com.objectfrontier.training.factorial.FactorialTest"/>
</testsuite> <!-- com.objectfrontier.training.factorial.FactorialTest -->
